# JRE version: OpenJDK Runtime Environment (8.0) (build 1.8.0-adoptopenjdk-_2018_05_19_00_59-b00)
# Java VM: OpenJDK 64-Bit Server VM (25.71-b00 mixed mode windows-amd64 compressed oops)
Heap:
 PSYoungGen      total 37888K, used 22065K [0x00000000d6800000, 0x00000000d9200000, 0x0000000100000000)
  eden space 32768K, 67% used [0x00000000d6800000,0x00000000d7d8c5a0,0x00000000d8800000)
  from space 5120K, 0% used [0x00000000d8800000,0x00000000d8800000,0x00000000d8d00000)
  to   space 5120K, 0% used [0x00000000d8d00000,0x00000000d8d00000,0x00000000d9200000)
 ParOldGen       total 61952K, used 3308K [0x0000000083800000, 0x0000000087480000, 0x00000000d6800000)
  object space 61952K, 5% used [0x0000000083800000,0x0000000083b3b178,0x0000000087480000)
 Metaspace       used 16623K, capacity 16930K, committed 17280K, reserved 1067008K
  class space    used 1947K, capacity 2050K, committed 2176K, reserved 1048576K
GC Heap History (4 events):
Event: 1.403 GC heap before
{Heap before GC invocations=1 (full 0):
 PSYoungGen      total 37888K, used 17068K [0x00000000d6800000, 0x00000000d9200000, 0x0000000100000000)
  eden space 32768K, 52% used [0x00000000d6800000,0x00000000d78ab220,0x00000000d8800000)
  from space 5120K, 0% used [0x00000000d8d00000,0x00000000d8d00000,0x00000000d9200000)
  to   space 5120K, 0% used [0x00000000d8800000,0x00000000d8800000,0x00000000d8d00000)
 ParOldGen       total 86016K, used 0K [0x0000000083800000, 0x0000000088c00000, 0x00000000d6800000)
  object space 86016K, 0% used [0x0000000083800000,0x0000000083800000,0x0000000088c00000)
 Metaspace       used 11745K, capacity 11928K, committed 12032K, reserved 1069056K
  class space    used 1430K, capacity 1504K, committed 1536K, reserved 1048576K
Event: 1.412 GC heap after
Heap after GC invocations=1 (full 0):
 PSYoungGen      total 37888K, used 3503K [0x00000000d6800000, 0x00000000d9200000, 0x0000000100000000)
  eden space 32768K, 0% used [0x00000000d6800000,0x00000000d6800000,0x00000000d8800000)
  from space 5120K, 68% used [0x00000000d8800000,0x00000000d8b6bfc8,0x00000000d8d00000)
  to   space 5120K, 0% used [0x00000000d8d00000,0x00000000d8d00000,0x00000000d9200000)
 ParOldGen       total 86016K, used 80K [0x0000000083800000, 0x0000000088c00000, 0x00000000d6800000)
  object space 86016K, 0% used [0x0000000083800000,0x0000000083814010,0x0000000088c00000)
 Metaspace       used 11745K, capacity 11928K, committed 12032K, reserved 1069056K
  class space    used 1430K, capacity 1504K, committed 1536K, reserved 1048576K
}
Event: 1.412 GC heap before
{Heap before GC invocations=2 (full 1):
 PSYoungGen      total 37888K, used 3503K [0x00000000d6800000, 0x00000000d9200000, 0x0000000100000000)
  eden space 32768K, 0% used [0x00000000d6800000,0x00000000d6800000,0x00000000d8800000)
  from space 5120K, 68% used [0x00000000d8800000,0x00000000d8b6bfc8,0x00000000d8d00000)
  to   space 5120K, 0% used [0x00000000d8d00000,0x00000000d8d00000,0x00000000d9200000)
 ParOldGen       total 86016K, used 80K [0x0000000083800000, 0x0000000088c00000, 0x00000000d6800000)
  object space 86016K, 0% used [0x0000000083800000,0x0000000083814010,0x0000000088c00000)
 Metaspace       used 11745K, capacity 11928K, committed 12032K, reserved 1069056K
  class space    used 1430K, capacity 1504K, committed 1536K, reserved 1048576K
Event: 1.436 GC heap after
Heap after GC invocations=2 (full 1):
 PSYoungGen      total 37888K, used 0K [0x00000000d6800000, 0x00000000d9200000, 0x0000000100000000)
  eden space 32768K, 0% used [0x00000000d6800000,0x00000000d6800000,0x00000000d8800000)
  from space 5120K, 0% used [0x00000000d8800000,0x00000000d8800000,0x00000000d8d00000)
  to   space 5120K, 0% used [0x00000000d8d00000,0x00000000d8d00000,0x00000000d9200000)
 ParOldGen       total 61952K, used 3308K [0x0000000083800000, 0x0000000087480000, 0x00000000d6800000)
  object space 61952K, 5% used [0x0000000083800000,0x0000000083b3b178,0x0000000087480000)
 Metaspace       used 11745K, capacity 11928K, committed 12032K, reserved 1062912K
  class space    used 1430K, capacity 1504K, committed 1536K, reserved 1048576K
}

